PATH: /home/linuxbrew/.linuxbrew/bin:/home/linuxbrew/.linuxbrew/sbin:/home/wael-boudissa/.local/bin:/usr/local/sbin:/usr/local/bin:/usr/sbin:/usr/bin:/sbin:/bin:/usr/games:/usr/local/games:/snap/bin:/snap/bin:/home/wael-boudissa/.local/bin:/usr/local/go/bin:/home/wael-boudissa/go/bin
Selected directory: 
No directory selected
Selected directory: 
No directory selected
Selected directory: /home/wael-boudissa/Desktop/Project
Changed directory to: /home/wael-boudissa/Desktop/Project
Selected directory: /home/wael-boudissa/Desktop/Project
Changed directory to: /home/wael-boudissa/Desktop/Project
Selected directory: /home/wael-boudissa/Desktop/portail-esi-frontend
Changed directory to: /home/wael-boudissa/Desktop/portail-esi-frontend
Script triggered at Sun Aug 18 12:34:56 AM CET 2024
Selected directory: /home/wael-boudissa/.oh-my-zsh/plugins/kn
Sent cd command to tmux: cd '/home/wael-boudissa/.oh-my-zsh/plugins/kn'
Script triggered at Sun Aug 18 12:35:05 AM CET 2024
Selected directory: /home/wael-boudissa/Desktop/Project
Sent cd command to tmux: cd '/home/wael-boudissa/Desktop/Project'
Script triggered at Sun Aug 18 12:35:58 AM CET 2024
Selected directory: 
No directory selected
Script triggered at Sun Aug 18 12:35:59 AM CET 2024
Selected directory: 
No directory selected
Script triggered at Sun Aug 18 12:36:00 AM CET 2024
Selected directory: 
No directory selected
Script triggered at Sun Aug 18 12:36:11 AM CET 2024
Selected directory: 
No directory selected
Script triggered at Sun Aug 18 12:36:21 AM CET 2024
Selected directory: 
No directory selected
Script triggered at Sun Aug 18 12:37:29 AM CET 2024
Selected directory: 
No directory selected
Script triggered at Sun Aug 18 12:37:31 AM CET 2024
Selected directory: 
No directory selected
Script triggered at Sun Aug 18 12:38:09 AM CET 2024
Selected directory: 
No directory selected
Script triggered at Sun Aug 18 12:38:11 AM CET 2024
Selected directory: 
No directory selected
Script triggered at Sun Aug 18 12:38:35 AM CET 2024
Selected directory: 
No directory selected
