1721149565.578049 client started (15450): version 3.2a, socket /tmp/tmux-1000/default, protocol 8
1721149565.578269 on Linux 6.5.0-41-generic #41~22.04.2-Ubuntu SMP PREEMPT_DYNAMIC Mon Jun  3 11:32:55 UTC 2
1721149565.578285 using libevent 2.1.12-stable (poll); ncurses 6.3
1721149565.578307 flags are 0x18010000
1721149565.578313 socket is /tmp/tmux-1000/default
1721149565.578334 trying connect
1721149565.578474 add peer 0x5bc5482c7f70: 6 ((nil))
1721149565.578876 sending message 100 to peer 0x5bc5482c7f70 (4 bytes)
1721149565.578885 sending message 111 to peer 0x5bc5482c7f70 (8 bytes)
1721149565.578891 sending message 101 to peer 0x5bc5482c7f70 (15 bytes)
1721149565.578895 sending message 109 to peer 0x5bc5482c7f70 (4 bytes)
1721149565.578900 sending message 102 to peer 0x5bc5482c7f70 (11 bytes)
1721149565.578905 sending message 108 to peer 0x5bc5482c7f70 (33 bytes)
1721149565.578910 sending message 112 to peer 0x5bc5482c7f70 (58 bytes)
1721149565.578915 sending message 112 to peer 0x5bc5482c7f70 (5 bytes)
1721149565.578920 sending message 112 to peer 0x5bc5482c7f70 (5 bytes)
1721149565.578925 sending message 112 to peer 0x5bc5482c7f70 (6 bytes)
1721149565.578930 sending message 112 to peer 0x5bc5482c7f70 (6 bytes)
1721149565.578934 sending message 112 to peer 0x5bc5482c7f70 (11 bytes)
1721149565.578939 sending message 112 to peer 0x5bc5482c7f70 (10 bytes)
1721149565.578943 sending message 112 to peer 0x5bc5482c7f70 (13 bytes)
1721149565.578947 sending message 112 to peer 0x5bc5482c7f70 (14 bytes)
1721149565.578951 sending message 112 to peer 0x5bc5482c7f70 (19 bytes)
1721149565.578956 sending message 112 to peer 0x5bc5482c7f70 (11 bytes)
1721149565.578960 sending message 112 to peer 0x5bc5482c7f70 (10 bytes)
1721149565.578964 sending message 112 to peer 0x5bc5482c7f70 (15 bytes)
1721149565.578969 sending message 112 to peer 0x5bc5482c7f70 (21 bytes)
1721149565.578973 sending message 112 to peer 0x5bc5482c7f70 (13 bytes)
1721149565.578978 sending message 112 to peer 0x5bc5482c7f70 (7 bytes)
1721149565.578983 sending message 112 to peer 0x5bc5482c7f70 (13 bytes)
1721149565.578988 sending message 112 to peer 0x5bc5482c7f70 (7 bytes)
1721149565.578993 sending message 112 to peer 0x5bc5482c7f70 (13 bytes)
1721149565.578998 sending message 112 to peer 0x5bc5482c7f70 (9 bytes)
1721149565.579002 sending message 112 to peer 0x5bc5482c7f70 (21 bytes)
1721149565.579006 sending message 112 to peer 0x5bc5482c7f70 (13 bytes)
1721149565.579011 sending message 112 to peer 0x5bc5482c7f70 (9 bytes)
1721149565.579015 sending message 112 to peer 0x5bc5482c7f70 (16 bytes)
1721149565.579020 sending message 112 to peer 0x5bc5482c7f70 (13 bytes)
1721149565.579024 sending message 112 to peer 0x5bc5482c7f70 (9 bytes)
1721149565.579029 sending message 112 to peer 0x5bc5482c7f70 (9 bytes)
1721149565.579033 sending message 112 to peer 0x5bc5482c7f70 (12 bytes)
1721149565.579038 sending message 112 to peer 0x5bc5482c7f70 (8 bytes)
1721149565.579042 sending message 112 to peer 0x5bc5482c7f70 (8 bytes)
1721149565.579046 sending message 112 to peer 0x5bc5482c7f70 (13 bytes)
1721149565.579051 sending message 112 to peer 0x5bc5482c7f70 (7 bytes)
1721149565.579055 sending message 112 to peer 0x5bc5482c7f70 (7 bytes)
1721149565.579060 sending message 112 to peer 0x5bc5482c7f70 (9 bytes)
1721149565.579064 sending message 112 to peer 0x5bc5482c7f70 (9 bytes)
1721149565.579068 sending message 112 to peer 0x5bc5482c7f70 (15 bytes)
1721149565.579072 sending message 112 to peer 0x5bc5482c7f70 (13 bytes)
1721149565.579077 sending message 112 to peer 0x5bc5482c7f70 (12 bytes)
1721149565.579081 sending message 112 to peer 0x5bc5482c7f70 (8 bytes)
1721149565.579086 sending message 112 to peer 0x5bc5482c7f70 (14 bytes)
1721149565.579091 sending message 112 to peer 0x5bc5482c7f70 (11 bytes)
1721149565.579095 sending message 112 to peer 0x5bc5482c7f70 (9 bytes)
1721149565.579100 sending message 112 to peer 0x5bc5482c7f70 (10 bytes)
1721149565.579104 sending message 112 to peer 0x5bc5482c7f70 (10 bytes)
1721149565.579108 sending message 112 to peer 0x5bc5482c7f70 (10 bytes)
1721149565.579124 sending message 112 to peer 0x5bc5482c7f70 (10 bytes)
1721149565.579128 sending message 112 to peer 0x5bc5482c7f70 (11 bytes)
1721149565.579132 sending message 112 to peer 0x5bc5482c7f70 (12 bytes)
1721149565.579137 sending message 112 to peer 0x5bc5482c7f70 (12 bytes)
1721149565.579141 sending message 112 to peer 0x5bc5482c7f70 (12 bytes)
1721149565.579145 sending message 112 to peer 0x5bc5482c7f70 (12 bytes)
1721149565.579150 sending message 112 to peer 0x5bc5482c7f70 (12 bytes)
1721149565.579154 sending message 112 to peer 0x5bc5482c7f70 (11 bytes)
1721149565.579159 sending message 112 to peer 0x5bc5482c7f70 (11 bytes)
1721149565.579163 sending message 112 to peer 0x5bc5482c7f70 (12 bytes)
1721149565.579167 sending message 112 to peer 0x5bc5482c7f70 (12 bytes)
1721149565.579172 sending message 112 to peer 0x5bc5482c7f70 (12 bytes)
1721149565.579176 sending message 112 to peer 0x5bc5482c7f70 (12 bytes)
1721149565.579181 sending message 112 to peer 0x5bc5482c7f70 (12 bytes)
1721149565.579185 sending message 112 to peer 0x5bc5482c7f70 (9 bytes)
1721149565.579189 sending message 112 to peer 0x5bc5482c7f70 (12 bytes)
1721149565.579194 sending message 112 to peer 0x5bc5482c7f70 (13 bytes)
1721149565.579198 sending message 112 to peer 0x5bc5482c7f70 (13 bytes)
1721149565.579202 sending message 112 to peer 0x5bc5482c7f70 (13 bytes)
1721149565.579207 sending message 112 to peer 0x5bc5482c7f70 (13 bytes)
1721149565.579211 sending message 112 to peer 0x5bc5482c7f70 (13 bytes)
1721149565.579216 sending message 112 to peer 0x5bc5482c7f70 (8 bytes)
1721149565.579220 sending message 112 to peer 0x5bc5482c7f70 (11 bytes)
1721149565.579224 sending message 112 to peer 0x5bc5482c7f70 (11 bytes)
1721149565.579229 sending message 112 to peer 0x5bc5482c7f70 (11 bytes)
1721149565.579234 sending message 112 to peer 0x5bc5482c7f70 (12 bytes)
1721149565.579238 sending message 112 to peer 0x5bc5482c7f70 (12 bytes)
1721149565.579242 sending message 112 to peer 0x5bc5482c7f70 (12 bytes)
1721149565.579247 sending message 112 to peer 0x5bc5482c7f70 (12 bytes)
1721149565.579251 sending message 112 to peer 0x5bc5482c7f70 (13 bytes)
1721149565.579256 sending message 112 to peer 0x5bc5482c7f70 (13 bytes)
1721149565.579260 sending message 112 to peer 0x5bc5482c7f70 (13 bytes)
1721149565.579264 sending message 112 to peer 0x5bc5482c7f70 (8 bytes)
1721149565.579269 sending message 112 to peer 0x5bc5482c7f70 (13 bytes)
1721149565.579273 sending message 112 to peer 0x5bc5482c7f70 (13 bytes)
1721149565.579278 sending message 112 to peer 0x5bc5482c7f70 (13 bytes)
1721149565.579282 sending message 112 to peer 0x5bc5482c7f70 (13 bytes)
1721149565.579286 sending message 112 to peer 0x5bc5482c7f70 (13 bytes)
1721149565.579291 sending message 112 to peer 0x5bc5482c7f70 (12 bytes)
1721149565.579295 sending message 112 to peer 0x5bc5482c7f70 (12 bytes)
1721149565.579299 sending message 112 to peer 0x5bc5482c7f70 (12 bytes)
1721149565.579304 sending message 112 to peer 0x5bc5482c7f70 (12 bytes)
1721149565.579308 sending message 112 to peer 0x5bc5482c7f70 (13 bytes)
1721149565.579313 sending message 112 to peer 0x5bc5482c7f70 (8 bytes)
1721149565.579317 sending message 112 to peer 0x5bc5482c7f70 (13 bytes)
1721149565.579321 sending message 112 to peer 0x5bc5482c7f70 (13 bytes)
1721149565.579326 sending message 112 to peer 0x5bc5482c7f70 (13 bytes)
1721149565.579330 sending message 112 to peer 0x5bc5482c7f70 (13 bytes)
1721149565.579334 sending message 112 to peer 0x5bc5482c7f70 (13 bytes)
1721149565.579339 sending message 112 to peer 0x5bc5482c7f70 (13 bytes)
1721149565.579343 sending message 112 to peer 0x5bc5482c7f70 (13 bytes)
1721149565.579347 sending message 112 to peer 0x5bc5482c7f70 (12 bytes)
1721149565.579352 sending message 112 to peer 0x5bc5482c7f70 (12 bytes)
1721149565.579357 sending message 112 to peer 0x5bc5482c7f70 (12 bytes)
1721149565.579361 sending message 112 to peer 0x5bc5482c7f70 (8 bytes)
1721149565.579366 sending message 112 to peer 0x5bc5482c7f70 (12 bytes)
1721149565.579370 sending message 112 to peer 0x5bc5482c7f70 (13 bytes)
1721149565.579379 sending message 112 to peer 0x5bc5482c7f70 (13 bytes)
1721149565.579383 sending message 112 to peer 0x5bc5482c7f70 (13 bytes)
1721149565.579388 sending message 112 to peer 0x5bc5482c7f70 (13 bytes)
1721149565.579392 sending message 112 to peer 0x5bc5482c7f70 (13 bytes)
1721149565.579396 sending message 112 to peer 0x5bc5482c7f70 (13 bytes)
1721149565.579401 sending message 112 to peer 0x5bc5482c7f70 (13 bytes)
1721149565.579405 sending message 112 to peer 0x5bc5482c7f70 (13 bytes)
1721149565.579409 sending message 112 to peer 0x5bc5482c7f70 (12 bytes)
1721149565.579413 sending message 112 to peer 0x5bc5482c7f70 (10 bytes)
1721149565.579418 sending message 112 to peer 0x5bc5482c7f70 (12 bytes)
1721149565.579422 sending message 112 to peer 0x5bc5482c7f70 (12 bytes)
1721149565.579427 sending message 112 to peer 0x5bc5482c7f70 (12 bytes)
1721149565.579431 sending message 112 to peer 0x5bc5482c7f70 (13 bytes)
1721149565.579435 sending message 112 to peer 0x5bc5482c7f70 (13 bytes)
1721149565.579439 sending message 112 to peer 0x5bc5482c7f70 (13 bytes)
1721149565.579444 sending message 112 to peer 0x5bc5482c7f70 (13 bytes)
1721149565.579448 sending message 112 to peer 0x5bc5482c7f70 (13 bytes)
1721149565.579452 sending message 112 to peer 0x5bc5482c7f70 (13 bytes)
1721149565.579457 sending message 112 to peer 0x5bc5482c7f70 (13 bytes)
1721149565.579461 sending message 112 to peer 0x5bc5482c7f70 (10 bytes)
1721149565.579465 sending message 112 to peer 0x5bc5482c7f70 (13 bytes)
1721149565.579470 sending message 112 to peer 0x5bc5482c7f70 (12 bytes)
1721149565.579474 sending message 112 to peer 0x5bc5482c7f70 (12 bytes)
1721149565.579478 sending message 112 to peer 0x5bc5482c7f70 (12 bytes)
1721149565.579482 sending message 112 to peer 0x5bc5482c7f70 (10 bytes)
1721149565.579487 sending message 112 to peer 0x5bc5482c7f70 (10 bytes)
1721149565.579491 sending message 112 to peer 0x5bc5482c7f70 (10 bytes)
1721149565.579495 sending message 112 to peer 0x5bc5482c7f70 (12 bytes)
1721149565.579500 sending message 112 to peer 0x5bc5482c7f70 (13 bytes)
1721149565.579504 sending message 112 to peer 0x5bc5482c7f70 (13 bytes)
1721149565.579508 sending message 112 to peer 0x5bc5482c7f70 (13 bytes)
1721149565.579512 sending message 112 to peer 0x5bc5482c7f70 (13 bytes)
1721149565.579516 sending message 112 to peer 0x5bc5482c7f70 (13 bytes)
1721149565.579521 sending message 112 to peer 0x5bc5482c7f70 (10 bytes)
1721149565.579525 sending message 112 to peer 0x5bc5482c7f70 (11 bytes)
1721149565.579529 sending message 112 to peer 0x5bc5482c7f70 (12 bytes)
1721149565.579534 sending message 112 to peer 0x5bc5482c7f70 (12 bytes)
1721149565.579538 sending message 112 to peer 0x5bc5482c7f70 (12 bytes)
1721149565.579542 sending message 112 to peer 0x5bc5482c7f70 (12 bytes)
1721149565.579547 sending message 112 to peer 0x5bc5482c7f70 (12 bytes)
1721149565.579551 sending message 112 to peer 0x5bc5482c7f70 (11 bytes)
1721149565.579555 sending message 112 to peer 0x5bc5482c7f70 (12 bytes)
1721149565.579560 sending message 112 to peer 0x5bc5482c7f70 (12 bytes)
1721149565.579564 sending message 112 to peer 0x5bc5482c7f70 (13 bytes)
1721149565.579568 sending message 112 to peer 0x5bc5482c7f70 (13 bytes)
1721149565.579573 sending message 112 to peer 0x5bc5482c7f70 (13 bytes)
1721149565.579577 sending message 112 to peer 0x5bc5482c7f70 (13 bytes)
1721149565.579581 sending message 112 to peer 0x5bc5482c7f70 (13 bytes)
1721149565.579586 sending message 112 to peer 0x5bc5482c7f70 (10 bytes)
1721149565.579590 sending message 112 to peer 0x5bc5482c7f70 (9 bytes)
1721149565.579594 sending message 112 to peer 0x5bc5482c7f70 (12 bytes)
1721149565.579599 sending message 112 to peer 0x5bc5482c7f70 (13 bytes)
1721149565.579603 sending message 112 to peer 0x5bc5482c7f70 (13 bytes)
1721149565.579626 sending message 112 to peer 0x5bc5482c7f70 (13 bytes)
1721149565.579634 sending message 112 to peer 0x5bc5482c7f70 (13 bytes)
1721149565.579638 sending message 112 to peer 0x5bc5482c7f70 (13 bytes)
1721149565.579643 sending message 112 to peer 0x5bc5482c7f70 (9 bytes)
1721149565.579651 sending message 112 to peer 0x5bc5482c7f70 (12 bytes)
1721149565.579656 sending message 112 to peer 0x5bc5482c7f70 (13 bytes)
1721149565.579660 sending message 112 to peer 0x5bc5482c7f70 (13 bytes)
1721149565.579665 sending message 112 to peer 0x5bc5482c7f70 (13 bytes)
1721149565.579669 sending message 112 to peer 0x5bc5482c7f70 (13 bytes)
1721149565.579673 sending message 112 to peer 0x5bc5482c7f70 (13 bytes)
1721149565.579677 sending message 112 to peer 0x5bc5482c7f70 (11 bytes)
1721149565.579682 sending message 112 to peer 0x5bc5482c7f70 (12 bytes)
1721149565.579686 sending message 112 to peer 0x5bc5482c7f70 (13 bytes)
1721149565.579690 sending message 112 to peer 0x5bc5482c7f70 (13 bytes)
1721149565.579695 sending message 112 to peer 0x5bc5482c7f70 (13 bytes)
1721149565.579699 sending message 112 to peer 0x5bc5482c7f70 (13 bytes)
1721149565.579704 sending message 112 to peer 0x5bc5482c7f70 (13 bytes)
1721149565.579708 sending message 112 to peer 0x5bc5482c7f70 (11 bytes)
1721149565.579712 sending message 112 to peer 0x5bc5482c7f70 (12 bytes)
1721149565.579716 sending message 112 to peer 0x5bc5482c7f70 (12 bytes)
1721149565.579721 sending message 112 to peer 0x5bc5482c7f70 (12 bytes)
1721149565.579725 sending message 112 to peer 0x5bc5482c7f70 (12 bytes)
1721149565.579729 sending message 112 to peer 0x5bc5482c7f70 (12 bytes)
1721149565.579734 sending message 112 to peer 0x5bc5482c7f70 (21 bytes)
1721149565.579738 sending message 112 to peer 0x5bc5482c7f70 (12 bytes)
1721149565.579742 sending message 112 to peer 0x5bc5482c7f70 (9 bytes)
1721149565.579747 sending message 112 to peer 0x5bc5482c7f70 (6 bytes)
1721149565.579751 sending message 112 to peer 0x5bc5482c7f70 (13 bytes)
1721149565.579756 sending message 112 to peer 0x5bc5482c7f70 (10 bytes)
1721149565.579760 sending message 112 to peer 0x5bc5482c7f70 (24 bytes)
1721149565.579765 sending message 112 to peer 0x5bc5482c7f70 (13 bytes)
1721149565.579769 sending message 112 to peer 0x5bc5482c7f70 (9 bytes)
1721149565.579774 sending message 112 to peer 0x5bc5482c7f70 (70 bytes)
1721149565.579778 sending message 112 to peer 0x5bc5482c7f70 (69 bytes)
1721149565.579783 sending message 112 to peer 0x5bc5482c7f70 (12 bytes)
1721149565.579787 sending message 112 to peer 0x5bc5482c7f70 (10 bytes)
1721149565.579791 sending message 112 to peer 0x5bc5482c7f70 (10 bytes)
1721149565.579796 sending message 112 to peer 0x5bc5482c7f70 (24 bytes)
1721149565.579800 sending message 112 to peer 0x5bc5482c7f70 (13 bytes)
1721149565.579804 sending message 112 to peer 0x5bc5482c7f70 (10 bytes)
1721149565.579809 sending message 112 to peer 0x5bc5482c7f70 (10 bytes)
1721149565.579813 sending message 112 to peer 0x5bc5482c7f70 (10 bytes)
1721149565.579818 sending message 112 to peer 0x5bc5482c7f70 (13 bytes)
1721149565.579822 sending message 112 to peer 0x5bc5482c7f70 (15 bytes)
1721149565.579827 sending message 112 to peer 0x5bc5482c7f70 (5 bytes)
1721149565.579832 sending message 104 to peer 0x5bc5482c7f70 (0 bytes)
1721149565.579837 sending message 110 to peer 0x5bc5482c7f70 (0 bytes)
1721149565.579842 sending message 107 to peer 0x5bc5482c7f70 (4 bytes)
1721149565.579847 sending message 105 to peer 0x5bc5482c7f70 (16 bytes)
1721149565.579851 sending message 105 to peer 0x5bc5482c7f70 (19 bytes)
1721149565.579856 sending message 105 to peer 0x5bc5482c7f70 (20 bytes)
1721149565.579861 sending message 105 to peer 0x5bc5482c7f70 (41 bytes)
1721149565.579865 sending message 105 to peer 0x5bc5482c7f70 (19 bytes)
1721149565.579870 sending message 105 to peer 0x5bc5482c7f70 (41 bytes)
1721149565.579874 sending message 105 to peer 0x5bc5482c7f70 (23 bytes)
1721149565.579878 sending message 105 to peer 0x5bc5482c7f70 (20 bytes)
1721149565.579883 sending message 105 to peer 0x5bc5482c7f70 (43 bytes)
1721149565.579887 sending message 105 to peer 0x5bc5482c7f70 (20 bytes)
1721149565.579892 sending message 105 to peer 0x5bc5482c7f70 (19 bytes)
1721149565.579896 sending message 105 to peer 0x5bc5482c7f70 (24 bytes)
1721149565.579900 sending message 105 to peer 0x5bc5482c7f70 (28 bytes)
1721149565.579908 sending message 105 to peer 0x5bc5482c7f70 (15 bytes)
1721149565.579913 sending message 105 to peer 0x5bc5482c7f70 (37 bytes)
1721149565.579917 sending message 105 to peer 0x5bc5482c7f70 (22 bytes)
1721149565.579922 sending message 105 to peer 0x5bc5482c7f70 (23 bytes)
1721149565.579926 sending message 105 to peer 0x5bc5482c7f70 (21 bytes)
1721149565.579931 sending message 105 to peer 0x5bc5482c7f70 (46 bytes)
1721149565.579935 sending message 105 to peer 0x5bc5482c7f70 (52 bytes)
1721149565.579940 sending message 105 to peer 0x5bc5482c7f70 (22 bytes)
1721149565.579944 sending message 105 to peer 0x5bc5482c7f70 (41 bytes)
1721149565.579949 sending message 105 to peer 0x5bc5482c7f70 (13 bytes)
1721149565.579953 sending message 105 to peer 0x5bc5482c7f70 (25 bytes)
1721149565.579957 sending message 105 to peer 0x5bc5482c7f70 (23 bytes)
1721149565.579962 sending message 105 to peer 0x5bc5482c7f70 (21 bytes)
1721149565.579966 sending message 105 to peer 0x5bc5482c7f70 (17 bytes)
1721149565.579971 sending message 105 to peer 0x5bc5482c7f70 (1519 bytes)
1721149565.579981 sending message 105 to peer 0x5bc5482c7f70 (23 bytes)
1721149565.579986 sending message 105 to peer 0x5bc5482c7f70 (17 bytes)
1721149565.579990 sending message 105 to peer 0x5bc5482c7f70 (86 bytes)
1721149565.579995 sending message 105 to peer 0x5bc5482c7f70 (23 bytes)
1721149565.579999 sending message 105 to peer 0x5bc5482c7f70 (48 bytes)
1721149565.580004 sending message 105 to peer 0x5bc5482c7f70 (34 bytes)
1721149565.580008 sending message 105 to peer 0x5bc5482c7f70 (23 bytes)
1721149565.580012 sending message 105 to peer 0x5bc5482c7f70 (20 bytes)
1721149565.580017 sending message 105 to peer 0x5bc5482c7f70 (30 bytes)
1721149565.580021 sending message 105 to peer 0x5bc5482c7f70 (32 bytes)
1721149565.580025 sending message 105 to peer 0x5bc5482c7f70 (19 bytes)
1721149565.580030 sending message 105 to peer 0x5bc5482c7f70 (50 bytes)
1721149565.580034 sending message 105 to peer 0x5bc5482c7f70 (29 bytes)
1721149565.580039 sending message 105 to peer 0x5bc5482c7f70 (11 bytes)
1721149565.580043 sending message 105 to peer 0x5bc5482c7f70 (8 bytes)
1721149565.580048 sending message 105 to peer 0x5bc5482c7f70 (25 bytes)
1721149565.580053 sending message 105 to peer 0x5bc5482c7f70 (18 bytes)
1721149565.580058 sending message 105 to peer 0x5bc5482c7f70 (56 bytes)
1721149565.580062 sending message 105 to peer 0x5bc5482c7f70 (27 bytes)
1721149565.580066 sending message 105 to peer 0x5bc5482c7f70 (11 bytes)
1721149565.580071 sending message 105 to peer 0x5bc5482c7f70 (17 bytes)
1721149565.580075 sending message 105 to peer 0x5bc5482c7f70 (17 bytes)
1721149565.580079 sending message 105 to peer 0x5bc5482c7f70 (31 bytes)
1721149565.580083 sending message 105 to peer 0x5bc5482c7f70 (20 bytes)
1721149565.580088 sending message 105 to peer 0x5bc5482c7f70 (98 bytes)
1721149565.580093 sending message 105 to peer 0x5bc5482c7f70 (239 bytes)
1721149565.580097 sending message 105 to peer 0x5bc5482c7f70 (14 bytes)
1721149565.580102 sending message 105 to peer 0x5bc5482c7f70 (54 bytes)
1721149565.580106 sending message 105 to peer 0x5bc5482c7f70 (23 bytes)
1721149565.580111 sending message 105 to peer 0x5bc5482c7f70 (16 bytes)
1721149565.580115 sending message 105 to peer 0x5bc5482c7f70 (35 bytes)
1721149565.580120 sending message 106 to peer 0x5bc5482c7f70 (0 bytes)
1721149565.580135 sending message 200 to peer 0x5bc5482c7f70 (4 bytes)
1721149565.580140 client loop enter
1721149565.585839 peer 0x5bc5482c7f70 message 207
1721149565.585873 sending message 208 to peer 0x5bc5482c7f70 (0 bytes)
1721149571.862293 peer 0x5bc5482c7f70 message 203
1721149571.862322 sending message 205 to peer 0x5bc5482c7f70 (0 bytes)
1721149571.862869 peer 0x5bc5482c7f70 message 204
1721149571.862890 client loop exit
