1723927388.057418 client started (95607): version 3.2a, socket /tmp/tmux-1000/default, protocol 8
1723927388.057467 on Linux 6.8.0-40-generic #40~22.04.3-Ubuntu SMP PREEMPT_DYNAMIC Tue Jul 30 17:30:19 UTC 2
1723927388.057473 using libevent 2.1.12-stable (poll); ncurses 6.3
1723927388.057492 flags are 0x10010000
1723927388.057496 socket is /tmp/tmux-1000/default
1723927388.057513 trying connect
1723927388.057599 add peer 0x63fcd621f3a0: 6 ((nil))
1723927388.057925 sending message 100 to peer 0x63fcd621f3a0 (4 bytes)
1723927388.057931 sending message 111 to peer 0x63fcd621f3a0 (8 bytes)
1723927388.057935 sending message 101 to peer 0x63fcd621f3a0 (16 bytes)
1723927388.057939 sending message 109 to peer 0x63fcd621f3a0 (4 bytes)
1723927388.057943 sending message 102 to peer 0x63fcd621f3a0 (11 bytes)
1723927388.057946 sending message 108 to peer 0x63fcd621f3a0 (33 bytes)
1723927388.057950 sending message 112 to peer 0x63fcd621f3a0 (70 bytes)
1723927388.057954 sending message 112 to peer 0x63fcd621f3a0 (5 bytes)
1723927388.057958 sending message 112 to peer 0x63fcd621f3a0 (5 bytes)
1723927388.057961 sending message 112 to peer 0x63fcd621f3a0 (6 bytes)
1723927388.057964 sending message 112 to peer 0x63fcd621f3a0 (6 bytes)
1723927388.057967 sending message 112 to peer 0x63fcd621f3a0 (11 bytes)
1723927388.057971 sending message 112 to peer 0x63fcd621f3a0 (10 bytes)
1723927388.057974 sending message 112 to peer 0x63fcd621f3a0 (13 bytes)
1723927388.057978 sending message 112 to peer 0x63fcd621f3a0 (13 bytes)
1723927388.057981 sending message 112 to peer 0x63fcd621f3a0 (18 bytes)
1723927388.057984 sending message 112 to peer 0x63fcd621f3a0 (11 bytes)
1723927388.057987 sending message 112 to peer 0x63fcd621f3a0 (21 bytes)
1723927388.057991 sending message 112 to peer 0x63fcd621f3a0 (13 bytes)
1723927388.057995 sending message 112 to peer 0x63fcd621f3a0 (7 bytes)
1723927388.057998 sending message 112 to peer 0x63fcd621f3a0 (13 bytes)
1723927388.058001 sending message 112 to peer 0x63fcd621f3a0 (7 bytes)
1723927388.058005 sending message 112 to peer 0x63fcd621f3a0 (13 bytes)
1723927388.058008 sending message 112 to peer 0x63fcd621f3a0 (9 bytes)
1723927388.058011 sending message 112 to peer 0x63fcd621f3a0 (21 bytes)
1723927388.058014 sending message 112 to peer 0x63fcd621f3a0 (13 bytes)
1723927388.058018 sending message 112 to peer 0x63fcd621f3a0 (8 bytes)
1723927388.058021 sending message 112 to peer 0x63fcd621f3a0 (12 bytes)
1723927388.058024 sending message 112 to peer 0x63fcd621f3a0 (13 bytes)
1723927388.058027 sending message 112 to peer 0x63fcd621f3a0 (9 bytes)
1723927388.058030 sending message 112 to peer 0x63fcd621f3a0 (9 bytes)
1723927388.058033 sending message 112 to peer 0x63fcd621f3a0 (12 bytes)
1723927388.058037 sending message 112 to peer 0x63fcd621f3a0 (8 bytes)
1723927388.058040 sending message 112 to peer 0x63fcd621f3a0 (7 bytes)
1723927388.058043 sending message 112 to peer 0x63fcd621f3a0 (7 bytes)
1723927388.058046 sending message 112 to peer 0x63fcd621f3a0 (9 bytes)
1723927388.058049 sending message 112 to peer 0x63fcd621f3a0 (13 bytes)
1723927388.058052 sending message 112 to peer 0x63fcd621f3a0 (9 bytes)
1723927388.058056 sending message 112 to peer 0x63fcd621f3a0 (15 bytes)
1723927388.058059 sending message 112 to peer 0x63fcd621f3a0 (13 bytes)
1723927388.058062 sending message 112 to peer 0x63fcd621f3a0 (12 bytes)
1723927388.058065 sending message 112 to peer 0x63fcd621f3a0 (8 bytes)
1723927388.058068 sending message 112 to peer 0x63fcd621f3a0 (14 bytes)
1723927388.058072 sending message 112 to peer 0x63fcd621f3a0 (9 bytes)
1723927388.058075 sending message 112 to peer 0x63fcd621f3a0 (10 bytes)
1723927388.058078 sending message 112 to peer 0x63fcd621f3a0 (10 bytes)
1723927388.058081 sending message 112 to peer 0x63fcd621f3a0 (10 bytes)
1723927388.058084 sending message 112 to peer 0x63fcd621f3a0 (10 bytes)
1723927388.058087 sending message 112 to peer 0x63fcd621f3a0 (11 bytes)
1723927388.058090 sending message 112 to peer 0x63fcd621f3a0 (10 bytes)
1723927388.058093 sending message 112 to peer 0x63fcd621f3a0 (8 bytes)
1723927388.058105 sending message 112 to peer 0x63fcd621f3a0 (11 bytes)
1723927388.058109 sending message 112 to peer 0x63fcd621f3a0 (11 bytes)
1723927388.058112 sending message 112 to peer 0x63fcd621f3a0 (11 bytes)
1723927388.058115 sending message 112 to peer 0x63fcd621f3a0 (8 bytes)
1723927388.058118 sending message 112 to peer 0x63fcd621f3a0 (8 bytes)
1723927388.058122 sending message 112 to peer 0x63fcd621f3a0 (8 bytes)
1723927388.058125 sending message 112 to peer 0x63fcd621f3a0 (10 bytes)
1723927388.058128 sending message 112 to peer 0x63fcd621f3a0 (10 bytes)
1723927388.058131 sending message 112 to peer 0x63fcd621f3a0 (10 bytes)
1723927388.058135 sending message 112 to peer 0x63fcd621f3a0 (10 bytes)
1723927388.058138 sending message 112 to peer 0x63fcd621f3a0 (10 bytes)
1723927388.058142 sending message 112 to peer 0x63fcd621f3a0 (11 bytes)
1723927388.058145 sending message 112 to peer 0x63fcd621f3a0 (11 bytes)
1723927388.058149 sending message 112 to peer 0x63fcd621f3a0 (10 bytes)
1723927388.058153 sending message 112 to peer 0x63fcd621f3a0 (9 bytes)
1723927388.058157 sending message 112 to peer 0x63fcd621f3a0 (9 bytes)
1723927388.058160 sending message 112 to peer 0x63fcd621f3a0 (12 bytes)
1723927388.058163 sending message 112 to peer 0x63fcd621f3a0 (9 bytes)
1723927388.058166 sending message 112 to peer 0x63fcd621f3a0 (6 bytes)
1723927388.058170 sending message 112 to peer 0x63fcd621f3a0 (13 bytes)
1723927388.058173 sending message 112 to peer 0x63fcd621f3a0 (8 bytes)
1723927388.058176 sending message 112 to peer 0x63fcd621f3a0 (15 bytes)
1723927388.058179 sending message 112 to peer 0x63fcd621f3a0 (13 bytes)
1723927388.058182 sending message 112 to peer 0x63fcd621f3a0 (70 bytes)
1723927388.058185 sending message 112 to peer 0x63fcd621f3a0 (69 bytes)
1723927388.058189 sending message 112 to peer 0x63fcd621f3a0 (10 bytes)
1723927388.058192 sending message 112 to peer 0x63fcd621f3a0 (8 bytes)
1723927388.058195 sending message 112 to peer 0x63fcd621f3a0 (15 bytes)
1723927388.058198 sending message 112 to peer 0x63fcd621f3a0 (13 bytes)
1723927388.058201 sending message 112 to peer 0x63fcd621f3a0 (10 bytes)
1723927388.058205 sending message 112 to peer 0x63fcd621f3a0 (10 bytes)
1723927388.058208 sending message 112 to peer 0x63fcd621f3a0 (5 bytes)
1723927388.058211 sending message 112 to peer 0x63fcd621f3a0 (15 bytes)
1723927388.058216 sending message 104 to peer 0x63fcd621f3a0 (0 bytes)
1723927388.058219 sending message 110 to peer 0x63fcd621f3a0 (0 bytes)
1723927388.058223 sending message 107 to peer 0x63fcd621f3a0 (4 bytes)
1723927388.058227 sending message 105 to peer 0x63fcd621f3a0 (16 bytes)
1723927388.058230 sending message 105 to peer 0x63fcd621f3a0 (19 bytes)
1723927388.058244 sending message 105 to peer 0x63fcd621f3a0 (20 bytes)
1723927388.058254 sending message 105 to peer 0x63fcd621f3a0 (41 bytes)
1723927388.058259 sending message 105 to peer 0x63fcd621f3a0 (26 bytes)
1723927388.058266 sending message 105 to peer 0x63fcd621f3a0 (19 bytes)
1723927388.058271 sending message 105 to peer 0x63fcd621f3a0 (36 bytes)
1723927388.058274 sending message 105 to peer 0x63fcd621f3a0 (41 bytes)
1723927388.058277 sending message 105 to peer 0x63fcd621f3a0 (23 bytes)
1723927388.058280 sending message 105 to peer 0x63fcd621f3a0 (20 bytes)
1723927388.058284 sending message 105 to peer 0x63fcd621f3a0 (67 bytes)
1723927388.058287 sending message 105 to peer 0x63fcd621f3a0 (20 bytes)
1723927388.058290 sending message 105 to peer 0x63fcd621f3a0 (43 bytes)
1723927388.058293 sending message 105 to peer 0x63fcd621f3a0 (19 bytes)
1723927388.058296 sending message 105 to peer 0x63fcd621f3a0 (24 bytes)
1723927388.058300 sending message 105 to peer 0x63fcd621f3a0 (28 bytes)
1723927388.058303 sending message 105 to peer 0x63fcd621f3a0 (15 bytes)
1723927388.058307 sending message 105 to peer 0x63fcd621f3a0 (37 bytes)
1723927388.058310 sending message 105 to peer 0x63fcd621f3a0 (23 bytes)
1723927388.058313 sending message 105 to peer 0x63fcd621f3a0 (22 bytes)
1723927388.058316 sending message 105 to peer 0x63fcd621f3a0 (21 bytes)
1723927388.058319 sending message 105 to peer 0x63fcd621f3a0 (46 bytes)
1723927388.058326 sending message 105 to peer 0x63fcd621f3a0 (52 bytes)
1723927388.058329 sending message 105 to peer 0x63fcd621f3a0 (22 bytes)
1723927388.058332 sending message 105 to peer 0x63fcd621f3a0 (41 bytes)
1723927388.058354 sending message 105 to peer 0x63fcd621f3a0 (13 bytes)
1723927388.058360 sending message 105 to peer 0x63fcd621f3a0 (25 bytes)
1723927388.058364 sending message 105 to peer 0x63fcd621f3a0 (23 bytes)
1723927388.058367 sending message 105 to peer 0x63fcd621f3a0 (21 bytes)
1723927388.058370 sending message 105 to peer 0x63fcd621f3a0 (17 bytes)
1723927388.058374 sending message 105 to peer 0x63fcd621f3a0 (1519 bytes)
1723927388.058379 sending message 105 to peer 0x63fcd621f3a0 (23 bytes)
1723927388.058383 sending message 105 to peer 0x63fcd621f3a0 (17 bytes)
1723927388.058386 sending message 105 to peer 0x63fcd621f3a0 (86 bytes)
1723927388.058389 sending message 105 to peer 0x63fcd621f3a0 (23 bytes)
1723927388.058393 sending message 105 to peer 0x63fcd621f3a0 (48 bytes)
1723927388.058396 sending message 105 to peer 0x63fcd621f3a0 (34 bytes)
1723927388.058399 sending message 105 to peer 0x63fcd621f3a0 (23 bytes)
1723927388.058403 sending message 105 to peer 0x63fcd621f3a0 (21 bytes)
1723927388.058406 sending message 105 to peer 0x63fcd621f3a0 (30 bytes)
1723927388.058409 sending message 105 to peer 0x63fcd621f3a0 (32 bytes)
1723927388.058412 sending message 105 to peer 0x63fcd621f3a0 (19 bytes)
1723927388.058416 sending message 105 to peer 0x63fcd621f3a0 (13 bytes)
1723927388.058419 sending message 105 to peer 0x63fcd621f3a0 (50 bytes)
1723927388.058422 sending message 105 to peer 0x63fcd621f3a0 (29 bytes)
1723927388.058425 sending message 105 to peer 0x63fcd621f3a0 (11 bytes)
1723927388.058429 sending message 105 to peer 0x63fcd621f3a0 (8 bytes)
1723927388.058432 sending message 105 to peer 0x63fcd621f3a0 (25 bytes)
1723927388.058435 sending message 105 to peer 0x63fcd621f3a0 (18 bytes)
1723927388.058438 sending message 105 to peer 0x63fcd621f3a0 (56 bytes)
1723927388.058442 sending message 105 to peer 0x63fcd621f3a0 (27 bytes)
1723927388.058445 sending message 105 to peer 0x63fcd621f3a0 (11 bytes)
1723927388.058449 sending message 105 to peer 0x63fcd621f3a0 (18 bytes)
1723927388.058452 sending message 105 to peer 0x63fcd621f3a0 (17 bytes)
1723927388.058455 sending message 105 to peer 0x63fcd621f3a0 (31 bytes)
1723927388.058458 sending message 105 to peer 0x63fcd621f3a0 (20 bytes)
1723927388.058462 sending message 105 to peer 0x63fcd621f3a0 (98 bytes)
1723927388.058465 sending message 105 to peer 0x63fcd621f3a0 (391 bytes)
1723927388.058469 sending message 105 to peer 0x63fcd621f3a0 (14 bytes)
1723927388.058472 sending message 105 to peer 0x63fcd621f3a0 (54 bytes)
1723927388.058475 sending message 105 to peer 0x63fcd621f3a0 (17 bytes)
1723927388.058479 sending message 105 to peer 0x63fcd621f3a0 (23 bytes)
1723927388.058482 sending message 105 to peer 0x63fcd621f3a0 (18 bytes)
1723927388.058485 sending message 105 to peer 0x63fcd621f3a0 (16 bytes)
1723927388.058488 sending message 105 to peer 0x63fcd621f3a0 (27 bytes)
1723927388.058492 sending message 106 to peer 0x63fcd621f3a0 (0 bytes)
1723927388.058497 sending message 200 to peer 0x63fcd621f3a0 (4 bytes)
1723927388.058501 client loop enter
1723927388.059631 peer 0x63fcd621f3a0 message 303
1723927388.059665 open write file 2 -
1723927388.059683 sending message 305 to peer 0x63fcd621f3a0 (8 bytes)
1723927388.059701 write check file 2
1723927388.059911 peer 0x63fcd621f3a0 message 304
1723927388.059919 write 58 to file 2
1723927388.059926 peer 0x63fcd621f3a0 message 203
1723927388.059932 file 2 58 bytes left
1723927388.059962 write check file 2
1723927388.059969 client loop exit
